IQ-TREE multicore version 2.4.0 for MacOS Intel 64-bit built Feb 12 2025
Developed by Bui Quang Minh, Nguyen Lam Tung, Olga Chernomor, Heiko Schmidt,
Dominik Schrempf, Michael Woodhams, Ly Trong Nhan, Thomas Wong

Host:    Ellas-MacBook-Pro-2.local (SSE4.2, 16 GB RAM)
Command: iqtree2 -s window_306_365.fasta -m MFP -bb 1000 -alrt 1000 -redo
Seed:    202680 (Using SPRNG - Scalable Parallel Random Number Generator)
Time:    Thu Apr 24 16:16:51 2025
Kernel:  SSE2 - 1 threads (8 CPU cores detected)

HINT: Use -nt option to specify number of threads because your CPU has 8 cores!
HINT: -nt AUTO will automatically determine the best number of threads to use.

Reading alignment file window_306_365.fasta ... Fasta format detected
Reading fasta file: done in 4.50611e-05 secs using 82.11% CPU
Alignment most likely contains protein sequences
Alignment has 18 sequences with 60 columns, 59 distinct patterns
52 parsimony-informative, 3 singleton sites, 5 constant sites
                                                           Gap/Ambiguity  Composition  p-value
Analyzing sequences: done in 5.00679e-06 secs using 79.89% CPU
   1  Alpha_Candidatus_Puniceispirillum_marinum_GCA_000024465.1   10.00%    failed      0.60%
   2  Delta_Bradymonadales_bacterium_GCA_007993755.1              13.33%    passed     53.65%
   3  CRu_Mantamonas_Mantamonas_sphyraenae_GCA_026936335.1         5.00%    passed     22.82%
   4  Arch_Chloroplastida_Micromonas_commoda_GCA_000090985.2       3.33%    passed     73.18%
   5  Arch_Chloroplastida_Ostreococcus_tauri_GCA_000214015.2       5.00%    passed     12.21%
   6  Firmicutes_bacterium_GCA_014023125.1                         8.33%    passed     48.36%
   7  Chlamydia_buteonis_GCA_019056495.1                           5.00%    passed     42.71%
   8  CPR_Pacebacteria_bacterium_GCA_030583765.1                  13.33%    passed     82.96%
   9  CPR_Parcubacteria_bacterium_GCA_037076615.1                  8.33%    passed     88.08%
  10  2026747.123                                                 16.67%    passed     67.43%
  11  2026747.179                                                 20.00%    passed     76.22%
  12  2026747.43                                                   6.67%    passed     50.65%
  13  2026747.124                                                  6.67%    passed     44.37%
  14  2026747.22                                                  20.00%    passed     30.16%
  15  Bacteroidetes_bacterium_GCA_025998875.1                      8.33%    passed     40.91%
  16  Prevotella_nigrescens_GCA_042639025.1_1                      8.33%    passed     98.81%
  17  Prevotella_jejuni_GCA_041433135.1_1                          8.33%    passed     99.26%
  18  Bacteroidetes_Prevotella_melaninogenica_GCA_003609775.1      8.33%    passed     99.29%
****  TOTAL                                                        9.72%  1 sequences failed composition chi2 test (p-value<5%; df=19)


Create initial parsimony tree by phylogenetic likelihood library (PLL)... 0.000 seconds
Perform fast likelihood tree search using LG+I+G model...
Estimate model parameters (epsilon = 5.000)
Perform nearest neighbor interchange...
Estimate model parameters (epsilon = 1.000)
1. Initial log-likelihood: -1772.158
Optimal log-likelihood: -1772.157
Proportion of invariable sites: 0.054
Gamma shape alpha: 1.951
Parameters optimization took 1 rounds (0.006 sec)
Time for fast ML tree search: 0.076 seconds

NOTE: ModelFinder requires 2 MB RAM!
ModelFinder will test up to 1232 protein models (sample size: 60 epsilon: 0.100) ...
 No. Model         -LnL         df  AIC          AICc         BIC
  1  LG            1816.517     33  3699.035     3785.342     3768.148
  2  LG+I          1795.770     34  3659.541     3754.741     3730.749
  3  LG+G4         1776.001     34  3620.002     3715.202     3691.209
  4  LG+I+G4       1772.162     35  3614.324     3719.324     3687.626
  5  LG+R2         1776.371     35  3622.741     3727.741     3696.043
  6  LG+R3         1774.250     37  3622.499     3750.318     3699.990
 14  LG+I+R2       1772.514     36  3617.029     3732.855     3692.425
 15  LG+I+R3       1771.190     38  3618.379     3759.522     3697.965
 25  LG+F+G4       1779.067     53  3664.135     4618.135     3775.135
 26  LG+F+I+G4     1776.909     54  3661.817     4849.817     3774.912
 27  LG+F+R2       1777.211     54  3662.421     4850.421     3775.516
 36  LG+F+I+R2     1775.457     55  3660.914     5200.914     3776.103
 47  WAG+G4        1786.918     34  3641.837     3737.037     3713.044
 48  WAG+I+G4      1779.550     35  3629.101     3734.101     3702.403
 49  WAG+R2        1786.342     35  3642.683     3747.683     3715.985
 58  WAG+I+R2      1779.699     36  3631.399     3747.225     3706.795
 69  WAG+F+G4      1785.751     53  3677.502     4631.502     3788.502
 70  WAG+F+I+G4    1781.253     54  3670.507     4858.507     3783.601
 71  WAG+F+R2      1783.206     54  3674.412     4862.412     3787.507
 80  WAG+F+I+R2    1779.629     55  3669.258     5209.258     3784.447
 91  JTT+G4        1787.977     34  3643.954     3739.154     3715.162
 92  JTT+I+G4      1783.144     35  3636.288     3741.288     3709.590
 93  JTT+R2        1787.666     35  3645.332     3750.332     3718.634
102  JTT+I+R2      1782.975     36  3637.950     3753.776     3713.346
113  JTT+F+G4      1788.168     53  3682.336     4636.336     3793.336
114  JTT+F+I+G4    1785.320     54  3678.639     4866.639     3791.734
115  JTT+F+R2      1785.984     54  3679.968     4867.968     3793.063
124  JTT+F+I+R2    1783.663     55  3677.327     5217.327     3792.516
WARNING: Normalizing state frequencies so that sum of them equals to 1
135  Q.pfam+G4     1776.763     34  3621.526     3716.726     3692.734
WARNING: Normalizing state frequencies so that sum of them equals to 1
136  Q.pfam+I+G4   1773.197     35  3616.395     3721.395     3689.697
WARNING: Normalizing state frequencies so that sum of them equals to 1
137  Q.pfam+R2     1776.706     35  3623.412     3728.412     3696.714
WARNING: Normalizing state frequencies so that sum of them equals to 1
146  Q.pfam+I+R2   1773.221     36  3618.442     3734.268     3693.838
WARNING: Normalizing state frequencies so that sum of them equals to 1
157  Q.pfam+F+G4   1779.107     53  3664.213     4618.213     3775.213
WARNING: Normalizing state frequencies so that sum of them equals to 1
158  Q.pfam+F+I+G4 1777.358     54  3662.716     4850.716     3775.810
WARNING: Normalizing state frequencies so that sum of them equals to 1
159  Q.pfam+F+R2   1777.034     54  3662.068     4850.068     3775.162
WARNING: Normalizing state frequencies so that sum of them equals to 1
168  Q.pfam+F+I+R2 1775.648     55  3661.296     5201.296     3776.485
WARNING: Normalizing state frequencies so that sum of them equals to 1
179  Q.bird+G4     1811.575     34  3691.149     3786.349     3762.357
WARNING: Normalizing state frequencies so that sum of them equals to 1
180  Q.bird+I+G4   1808.564     35  3687.128     3792.128     3760.430
WARNING: Normalizing state frequencies so that sum of them equals to 1
181  Q.bird+R2     1815.710     35  3701.421     3806.421     3774.723
WARNING: Normalizing state frequencies so that sum of them equals to 1
190  Q.bird+I+R2   1812.185     36  3696.370     3812.196     3771.766
WARNING: Normalizing state frequencies so that sum of them equals to 1
201  Q.bird+F+G4   1810.311     53  3726.622     4680.622     3837.622
WARNING: Normalizing state frequencies so that sum of them equals to 1
202  Q.bird+F+I+G4 1808.976     54  3725.952     4913.952     3839.047
WARNING: Normalizing state frequencies so that sum of them equals to 1
203  Q.bird+F+R2   1811.643     54  3731.285     4919.285     3844.380
WARNING: Normalizing state frequencies so that sum of them equals to 1
212  Q.bird+F+I+R2 1810.248     55  3730.497     5270.497     3845.686
WARNING: Normalizing state frequencies so that sum of them equals to 1
223  Q.mammal+G4   1805.037     34  3678.075     3773.275     3749.283
WARNING: Normalizing state frequencies so that sum of them equals to 1
224  Q.mammal+I+G4 1802.180     35  3674.360     3779.360     3747.662
WARNING: Normalizing state frequencies so that sum of them equals to 1
225  Q.mammal+R2   1808.241     35  3686.483     3791.483     3759.785
WARNING: Normalizing state frequencies so that sum of them equals to 1
234  Q.mammal+I+R2 1804.792     36  3681.584     3797.410     3756.981
WARNING: Normalizing state frequencies so that sum of them equals to 1
245  Q.mammal+F+G4 1802.771     53  3711.542     4665.542     3822.543
WARNING: Normalizing state frequencies so that sum of them equals to 1
246  Q.mammal+F+I+G4 1801.385     54  3710.771     4898.771     3823.866
WARNING: Normalizing state frequencies so that sum of them equals to 1
247  Q.mammal+F+R2 1803.252     54  3714.503     4902.503     3827.598
WARNING: Normalizing state frequencies so that sum of them equals to 1
256  Q.mammal+F+I+R2 1801.988     55  3713.976     5253.976     3829.165
267  Q.insect+G4   1786.525     34  3641.050     3736.250     3712.258
268  Q.insect+I+G4 1783.585     35  3637.170     3742.170     3710.472
269  Q.insect+R2   1788.466     35  3646.932     3751.932     3720.234
278  Q.insect+I+R2 1784.755     36  3641.510     3757.336     3716.907
289  Q.insect+F+G4 1783.238     53  3672.476     4626.476     3783.477
290  Q.insect+F+I+G4 1781.846     54  3671.691     4859.691     3784.786
291  Q.insect+F+R2 1783.201     54  3674.402     4862.402     3787.497
300  Q.insect+F+I+R2 1781.948     55  3673.896     5213.896     3789.085
WARNING: Normalizing state frequencies so that sum of them equals to 1
311  Q.plant+G4    1792.272     34  3652.543     3747.743     3723.751
WARNING: Normalizing state frequencies so that sum of them equals to 1
312  Q.plant+I+G4  1788.534     35  3647.069     3752.069     3720.371
WARNING: Normalizing state frequencies so that sum of them equals to 1
313  Q.plant+R2    1796.464     35  3662.929     3767.929     3736.231
WARNING: Normalizing state frequencies so that sum of them equals to 1
322  Q.plant+I+R2  1791.751     36  3655.503     3771.329     3730.899
WARNING: Normalizing state frequencies so that sum of them equals to 1
333  Q.plant+F+G4  1788.816     53  3683.633     4637.633     3794.633
WARNING: Normalizing state frequencies so that sum of them equals to 1
334  Q.plant+F+I+G4 1786.969     54  3681.939     4869.939     3795.033
WARNING: Normalizing state frequencies so that sum of them equals to 1
335  Q.plant+F+R2  1790.331     54  3688.663     4876.663     3801.757
WARNING: Normalizing state frequencies so that sum of them equals to 1
344  Q.plant+F+I+R2 1788.442     55  3686.884     5226.884     3802.073
WARNING: Normalizing state frequencies so that sum of them equals to 1
355  Q.yeast+G4    1789.161     34  3646.322     3741.522     3717.530
WARNING: Normalizing state frequencies so that sum of them equals to 1
356  Q.yeast+I+G4  1785.794     35  3641.588     3746.588     3714.890
WARNING: Normalizing state frequencies so that sum of them equals to 1
357  Q.yeast+R2    1790.167     35  3650.333     3755.333     3723.635
WARNING: Normalizing state frequencies so that sum of them equals to 1
366  Q.yeast+I+R2  1786.450     36  3644.899     3760.725     3720.295
WARNING: Normalizing state frequencies so that sum of them equals to 1
377  Q.yeast+F+G4  1779.983     53  3665.965     4619.965     3776.966
WARNING: Normalizing state frequencies so that sum of them equals to 1
378  Q.yeast+F+I+G4 1778.453     54  3664.906     4852.906     3778.000
WARNING: Normalizing state frequencies so that sum of them equals to 1
379  Q.yeast+F+R2  1779.386     54  3666.771     4854.771     3779.866
WARNING: Normalizing state frequencies so that sum of them equals to 1
388  Q.yeast+F+I+R2 1778.062     55  3666.124     5206.124     3781.313
399  JTTDCMut+G4   1787.788     34  3643.577     3738.777     3714.784
400  JTTDCMut+I+G4 1782.874     35  3635.747     3740.747     3709.049
401  JTTDCMut+R2   1787.704     35  3645.407     3750.407     3718.709
410  JTTDCMut+I+R2 1782.832     36  3637.663     3753.489     3713.060
421  JTTDCMut+F+G4 1788.085     53  3682.170     4636.170     3793.170
422  JTTDCMut+F+I+G4 1785.215     54  3678.431     4866.431     3791.525
423  JTTDCMut+F+R2 1786.056     54  3680.112     4868.112     3793.207
432  JTTDCMut+F+I+R2 1783.709     55  3677.419     5217.419     3792.608
443  DCMut+G4      1805.992     34  3679.985     3775.185     3751.192
444  DCMut+I+G4    1798.874     35  3667.748     3772.748     3741.050
445  DCMut+R2      1807.514     35  3685.029     3790.029     3758.331
454  DCMut+I+R2    1798.268     36  3668.536     3784.362     3743.932
465  DCMut+F+G4    1800.867     53  3707.734     4661.734     3818.734
466  DCMut+F+I+G4  1796.653     54  3701.306     4889.306     3814.401
467  DCMut+F+R2    1799.450     54  3706.900     4894.900     3819.995
476  DCMut+F+I+R2  1795.466     55  3700.931     5240.931     3816.120
487  VT+G4         1782.248     34  3632.496     3727.696     3703.703
488  VT+I+G4       1776.590     35  3623.180     3728.180     3696.482
489  VT+R2         1780.612     35  3631.223     3736.223     3704.525
498  VT+I+R2       1775.841     36  3623.683     3739.509     3699.079
509  VT+F+G4       1785.064     53  3676.127     4630.127     3787.127
510  VT+F+I+G4     1781.196     54  3670.392     4858.392     3783.487
511  VT+F+R2       1782.190     54  3672.380     4860.380     3785.475
520  VT+F+I+R2     1779.233     55  3668.467     5208.467     3783.656
531  PMB+G4        1788.765     34  3645.531     3740.731     3716.738
532  PMB+I+G4      1783.862     35  3637.724     3742.724     3711.026
533  PMB+R2        1787.834     35  3645.669     3750.669     3718.971
542  PMB+I+R2      1783.514     36  3639.028     3754.854     3714.424
553  PMB+F+G4      1792.837     53  3691.674     4645.674     3802.674
554  PMB+F+I+G4    1788.903     54  3685.807     4873.807     3798.901
555  PMB+F+R2      1790.550     54  3689.101     4877.101     3802.196
564  PMB+F+I+R2    1787.417     55  3684.834     5224.834     3800.023
575  Blosum62+G4   1787.591     34  3643.181     3738.381     3714.389
576  Blosum62+I+G4 1782.073     35  3634.145     3739.145     3707.447
577  Blosum62+R2   1785.045     35  3640.091     3745.091     3713.393
586  Blosum62+I+R2 1780.736     36  3633.472     3749.298     3708.869
597  Blosum62+F+G4 1792.271     53  3690.541     4644.541     3801.542
598  Blosum62+F+I+G4 1787.883     54  3683.767     4871.767     3796.862
599  Blosum62+F+R2 1788.540     54  3685.081     4873.081     3798.176
608  Blosum62+F+I+R2 1785.331     55  3680.663     5220.663     3795.851
619  Dayhoff+G4    1805.983     34  3679.966     3775.166     3751.173
620  Dayhoff+I+G4  1798.850     35  3667.700     3772.700     3741.002
621  Dayhoff+R2    1807.526     35  3685.052     3790.052     3758.354
630  Dayhoff+I+R2  1798.239     36  3668.477     3784.303     3743.874
641  Dayhoff+F+G4  1800.802     53  3707.605     4661.605     3818.605
642  Dayhoff+F+I+G4 1796.590     54  3701.180     4889.180     3814.275
643  Dayhoff+F+R2  1799.388     54  3706.776     4894.776     3819.871
652  Dayhoff+F+I+R2 1795.408     55  3700.816     5240.816     3816.005
663  mtREV+G4      1873.018     34  3814.036     3909.236     3885.243
664  mtREV+I+G4    1873.135     35  3816.271     3921.271     3889.573
665  mtREV+R2      1874.878     35  3819.755     3924.755     3893.057
674  mtREV+I+R2    1874.960     36  3821.921     3937.747     3897.317
685  mtREV+F+G4    1808.057     53  3722.115     4676.115     3833.115
686  mtREV+F+I+G4  1807.331     54  3722.662     4910.662     3835.757
687  mtREV+F+R2    1811.385     54  3730.771     4918.771     3843.865
696  mtREV+F+I+R2  1810.672     55  3731.343     5271.343     3846.532
707  mtART+G4      1910.058     34  3888.115     3983.315     3959.323
708  mtART+I+G4    1910.143     35  3890.286     3995.286     3963.588
709  mtART+R2      1908.976     35  3887.952     3992.952     3961.254
718  mtART+I+R2    1908.617     36  3889.234     4005.060     3964.630
729  mtART+F+G4    1827.290     53  3760.581     4714.581     3871.581
730  mtART+F+I+G4  1827.097     54  3762.194     4950.194     3875.289
731  mtART+F+R2    1831.516     54  3771.032     4959.032     3884.127
740  mtART+F+I+R2  1830.766     55  3771.532     5311.532     3886.721
751  mtZOA+G4      1861.453     34  3790.906     3886.106     3862.114
752  mtZOA+I+G4    1861.509     35  3793.018     3898.018     3866.320
753  mtZOA+R2      1860.872     35  3791.744     3896.744     3865.046
762  mtZOA+I+R2    1860.849     36  3793.698     3909.524     3869.095
773  mtZOA+F+G4    1808.004     53  3722.007     4676.007     3833.007
774  mtZOA+F+I+G4  1807.468     54  3722.935     4910.935     3836.030
775  mtZOA+F+R2    1808.941     54  3725.883     4913.883     3838.978
784  mtZOA+F+I+R2  1808.304     55  3726.607     5266.607     3841.796
795  mtMet+G4      1886.383     34  3840.765     3935.965     3911.973
796  mtMet+I+G4    1886.303     35  3842.606     3947.606     3915.908
797  mtMet+R2      1884.846     35  3839.692     3944.692     3912.994
806  mtMet+I+R2    1884.809     36  3841.617     3957.443     3917.014
817  mtMet+F+G4    1804.901     53  3715.802     4669.802     3826.802
818  mtMet+F+I+G4  1803.985     54  3715.970     4903.970     3829.064
819  mtMet+F+R2    1806.214     54  3720.429     4908.429     3833.523
828  mtMet+F+I+R2  1805.403     55  3720.805     5260.805     3835.994
839  mtVer+G4      1880.894     34  3829.788     3924.988     3900.995
840  mtVer+I+G4    1880.954     35  3831.909     3936.909     3905.211
841  mtVer+R2      1882.934     35  3835.869     3940.869     3909.171
850  mtVer+I+R2    1883.091     36  3838.182     3954.009     3913.579
861  mtVer+F+G4    1817.153     53  3740.306     4694.306     3851.306
862  mtVer+F+I+G4  1816.062     54  3740.124     4928.124     3853.219
863  mtVer+F+R2    1821.706     54  3751.411     4939.411     3864.506
872  mtVer+F+I+R2  1820.373     55  3750.747     5290.747     3865.936
883  mtInv+G4      1906.980     34  3881.960     3977.160     3953.168
884  mtInv+I+G4    1906.556     35  3883.112     3988.112     3956.414
885  mtInv+R2      1904.131     35  3878.261     3983.261     3951.563
894  mtInv+I+R2    1903.816     36  3879.631     3995.457     3955.028
905  mtInv+F+G4    1795.784     53  3697.568     4651.568     3808.568
906  mtInv+F+I+G4  1794.211     54  3696.423     4884.423     3809.517
907  mtInv+F+R2    1796.063     54  3700.126     4888.126     3813.221
916  mtInv+F+I+R2  1794.619     55  3699.238     5239.238     3814.427
927  mtMAM+G4      1895.207     34  3858.415     3953.615     3929.623
928  mtMAM+I+G4    1895.293     35  3860.587     3965.587     3933.889
929  mtMAM+R2      1901.843     35  3873.686     3978.686     3946.988
938  mtMAM+I+R2    1901.139     36  3874.278     3990.104     3949.675
949  mtMAM+F+G4    1827.034     53  3760.067     4714.067     3871.067
950  mtMAM+F+I+G4  1826.936     54  3761.873     4949.873     3874.968
951  mtMAM+F+R2    1835.894     54  3779.789     4967.789     3892.884
960  mtMAM+F+I+R2  1835.258     55  3780.516     5320.516     3895.705
WARNING: Normalizing state frequencies so that sum of them equals to 1
971  FLAVI+G4      1836.040     34  3740.081     3835.281     3811.289
WARNING: Normalizing state frequencies so that sum of them equals to 1
972  FLAVI+I+G4    1832.231     35  3734.462     3839.462     3807.764
WARNING: Normalizing state frequencies so that sum of them equals to 1
973  FLAVI+R2      1841.345     35  3752.689     3857.689     3825.991
WARNING: Normalizing state frequencies so that sum of them equals to 1
982  FLAVI+I+R2    1836.197     36  3744.394     3860.220     3819.790
WARNING: Normalizing state frequencies so that sum of them equals to 1
993  FLAVI+F+G4    1831.272     53  3768.544     4722.544     3879.544
WARNING: Normalizing state frequencies so that sum of them equals to 1
994  FLAVI+F+I+G4  1828.159     54  3764.318     4952.318     3877.413
WARNING: Normalizing state frequencies so that sum of them equals to 1
995  FLAVI+F+R2    1834.791     54  3777.581     4965.581     3890.676
WARNING: Normalizing state frequencies so that sum of them equals to 1
1004  FLAVI+F+I+R2  1830.867     55  3771.734     5311.734     3886.923
1015  HIVb+G4       1804.610     34  3677.219     3772.419     3748.427
1016  HIVb+I+G4     1799.734     35  3669.469     3774.469     3742.771
1017  HIVb+R2       1808.561     35  3687.122     3792.122     3760.424
1026  HIVb+I+R2     1802.822     36  3677.644     3793.470     3753.041
1037  HIVb+F+G4     1805.658     53  3717.316     4671.316     3828.316
1038  HIVb+F+I+G4   1802.109     54  3712.218     4900.218     3825.313
1039  HIVb+F+R2     1807.690     54  3723.380     4911.380     3836.475
1048  HIVb+F+I+R2   1803.774     55  3717.548     5257.548     3832.737
1059  HIVw+G4       1877.193     34  3822.387     3917.587     3893.595
1060  HIVw+I+G4     1870.396     35  3810.791     3915.791     3884.093
1061  HIVw+R2       1883.252     35  3836.505     3941.505     3909.807
1070  HIVw+I+R2     1875.207     36  3822.414     3938.240     3897.811
1081  HIVw+F+G4     1849.042     53  3804.083     4758.083     3915.083
1082  HIVw+F+I+G4   1843.844     54  3795.689     4983.689     3908.783
1083  HIVw+F+R2     1852.491     54  3812.982     5000.982     3926.076
1092  HIVw+F+I+R2   1846.370     55  3802.740     5342.740     3917.929
1103  FLU+G4        1822.854     34  3713.708     3808.908     3784.916
1104  FLU+I+G4      1817.226     35  3704.451     3809.451     3777.753
1105  FLU+R2        1820.213     35  3710.425     3815.425     3783.727
1114  FLU+I+R2      1815.634     36  3703.268     3819.094     3778.665
1125  FLU+F+G4      1812.392     53  3730.785     4684.785     3841.785
1126  FLU+F+I+G4    1808.161     54  3724.321     4912.321     3837.416
1127  FLU+F+R2      1808.588     54  3725.176     4913.176     3838.271
1136  FLU+F+I+R2    1805.307     55  3720.614     5260.614     3835.803
1147  rtREV+G4      1791.928     34  3651.857     3747.057     3723.064
1148  rtREV+I+G4    1787.085     35  3644.170     3749.170     3717.472
1149  rtREV+R2      1791.627     35  3653.253     3758.253     3726.555
1158  rtREV+I+R2    1787.251     36  3646.502     3762.328     3721.899
1169  rtREV+F+G4    1786.281     53  3678.563     4632.563     3789.563
1170  rtREV+F+I+G4  1783.830     54  3675.659     4863.659     3788.754
1171  rtREV+F+R2    1783.727     54  3675.454     4863.454     3788.548
1180  rtREV+F+I+R2  1781.832     55  3673.664     5213.664     3788.853
1191  cpREV+G4      1793.994     34  3655.988     3751.188     3727.196
1192  cpREV+I+G4    1787.937     35  3645.874     3750.874     3719.176
1193  cpREV+R2      1793.638     35  3657.276     3762.276     3730.578
1202  cpREV+I+R2    1788.422     36  3648.844     3764.670     3724.240
1213  cpREV+F+G4    1797.717     53  3701.434     4655.434     3812.434
1214  cpREV+F+I+G4  1792.750     54  3693.500     4881.500     3806.595
1215  cpREV+F+R2    1796.818     54  3701.637     4889.637     3814.731
1224  cpREV+F+I+R2  1792.426     55  3694.852     5234.852     3810.041
Akaike Information Criterion:           LG+I+G4
Corrected Akaike Information Criterion: LG+G4
Bayesian Information Criterion:         LG+I+G4
Best-fit model: LG+I+G4 chosen according to BIC

All model information printed to window_306_365.fasta.model.gz
CPU time for ModelFinder: 4.014 seconds (0h:0m:4s)
Wall-clock time for ModelFinder: 4.030 seconds (0h:0m:4s)
Generating 1000 samples for ultrafast bootstrap (seed: 202680)...

NOTE: 1 MB RAM (0 GB) is required!
Estimate model parameters (epsilon = 0.100)
Thoroughly optimizing +I+G parameters from 10 start values...
Init pinv, alpha: 0.000, 2.076 / Estimate: 0.000, 1.374 / LogL: -1775.999
Init pinv, alpha: 0.009, 2.076 / Estimate: 0.053, 1.944 / LogL: -1772.159
Init pinv, alpha: 0.019, 2.076 / Estimate: 0.053, 1.969 / LogL: -1772.162
Init pinv, alpha: 0.028, 2.076 / Estimate: 0.053, 1.981 / LogL: -1772.169
Init pinv, alpha: 0.037, 2.076 / Estimate: 0.053, 1.985 / LogL: -1772.169
Init pinv, alpha: 0.046, 2.076 / Estimate: 0.054, 1.989 / LogL: -1772.168
Init pinv, alpha: 0.056, 2.076 / Estimate: 0.054, 1.991 / LogL: -1772.168
Init pinv, alpha: 0.065, 2.076 / Estimate: 0.054, 1.993 / LogL: -1772.168
Init pinv, alpha: 0.074, 2.076 / Estimate: 0.054, 1.994 / LogL: -1772.168
Init pinv, alpha: 0.083, 2.076 / Estimate: 0.054, 1.995 / LogL: -1772.168
Optimal pinv,alpha: 0.053, 1.944 / LogL: -1772.159

Parameters optimization took 0.202 sec
Wrote distance file to... 
Computing ML distances based on estimated model parameters...
Calculating distance matrix: done in 0.016269 secs using 99.71% CPU
Computing ML distances took 0.016315 sec (of wall-clock time) 0.016254 sec (of CPU time)
WARNING: Some pairwise ML distances are too long (saturated)
Setting up auxiliary I and S matrices: done in 1.90735e-05 secs using 120.6% CPU
Computing RapidNJ tree took 0.000076 sec (of wall-clock time) 0.000109 sec (of CPU time)
Log-likelihood of RapidNJ tree: -1772.741
--------------------------------------------------------------------
|             INITIALIZING CANDIDATE TREE SET                      |
--------------------------------------------------------------------
Generating 98 parsimony trees... 0.045 second
Computing log-likelihood of 98 initial trees ... 0.193 seconds
Current best score: -1772.159

Do NNI search on 20 best initial trees
Estimate model parameters (epsilon = 0.100)
BETTER TREE FOUND at iteration 1: -1772.157
Estimate model parameters (epsilon = 0.100)
BETTER TREE FOUND at iteration 3: -1771.780
BETTER TREE FOUND at iteration 4: -1771.779
BETTER TREE FOUND at iteration 6: -1771.779
Iteration 10 / LogL: -1774.316 / Time: 0h:0m:4s
Iteration 20 / LogL: -1771.779 / Time: 0h:0m:5s
Finish initializing candidate tree set (9)
Current best tree score: -1771.779 / CPU time: 1.392
Number of iterations: 20
--------------------------------------------------------------------
|               OPTIMIZING CANDIDATE TREE SET                      |
--------------------------------------------------------------------
UPDATE BEST LOG-LIKELIHOOD: -1771.779
Iteration 30 / LogL: -1771.779 / Time: 0h:0m:6s (0h:0m:5s left)
UPDATE BEST LOG-LIKELIHOOD: -1771.779
Iteration 40 / LogL: -1771.779 / Time: 0h:0m:6s (0h:0m:4s left)
UPDATE BEST LOG-LIKELIHOOD: -1771.779
Iteration 50 / LogL: -1771.779 / Time: 0h:0m:7s (0h:0m:4s left)
Log-likelihood cutoff on original alignment: -1791.583
Iteration 60 / LogL: -1771.779 / Time: 0h:0m:8s (0h:0m:3s left)
UPDATE BEST LOG-LIKELIHOOD: -1771.779
Iteration 70 / LogL: -1771.779 / Time: 0h:0m:8s (0h:0m:2s left)
Iteration 80 / LogL: -1771.780 / Time: 0h:0m:9s (0h:0m:1s left)
Iteration 90 / LogL: -1782.088 / Time: 0h:0m:10s (0h:0m:1s left)
Iteration 100 / LogL: -1771.779 / Time: 0h:0m:10s (0h:0m:0s left)
Log-likelihood cutoff on original alignment: -1792.226
NOTE: Bootstrap correlation coefficient of split occurrence frequencies: 0.997
TREE SEARCH COMPLETED AFTER 107 ITERATIONS / Time: 0h:0m:11s

--------------------------------------------------------------------
|                    FINALIZING TREE SEARCH                        |
--------------------------------------------------------------------
Performs final model parameters optimization
Estimate model parameters (epsilon = 0.010)
1. Initial log-likelihood: -1771.779
Optimal log-likelihood: -1771.779
Proportion of invariable sites: 0.054
Gamma shape alpha: 2.033
Parameters optimization took 1 rounds (0.007 sec)
BEST SCORE FOUND : -1771.779

Testing tree branches by SH-like aLRT with 1000 replicates...
0.015 sec.
Creating bootstrap support values...
Split supports printed to NEXUS file window_306_365.fasta.splits.nex
Total tree length: 17.477

Total number of iterations: 107
CPU time used for tree search: 7.008 sec (0h:0m:7s)
Wall-clock time used for tree search: 6.851 sec (0h:0m:6s)
Total CPU time used: 11.315 sec (0h:0m:11s)
Total wall-clock time used: 11.165 sec (0h:0m:11s)

Computing bootstrap consensus tree...
Reading input file window_306_365.fasta.splits.nex...
18 taxa and 200 splits.
Consensus tree written to window_306_365.fasta.contree
Reading input trees file window_306_365.fasta.contree
Log-likelihood of consensus tree: -1771.779

Analysis results written to: 
  IQ-TREE report:                window_306_365.fasta.iqtree
  Maximum-likelihood tree:       window_306_365.fasta.treefile
  Likelihood distances:          window_306_365.fasta.mldist

Ultrafast bootstrap approximation results written to:
  Split support values:          window_306_365.fasta.splits.nex
  Consensus tree:                window_306_365.fasta.contree
  Screen log file:               window_306_365.fasta.log

Date and Time: Thu Apr 24 16:17:02 2025
