IQ-TREE multicore version 2.4.0 for MacOS Intel 64-bit built Feb 12 2025
Developed by Bui Quang Minh, Nguyen Lam Tung, Olga Chernomor, Heiko Schmidt,
Dominik Schrempf, Michael Woodhams, Ly Trong Nhan, Thomas Wong

Host:    Ellas-MacBook-Pro-2.local (SSE4.2, 16 GB RAM)
Command: iqtree2 -s window_241_340.fasta -m MFP -bb 1000 -alrt 1000 -redo
Seed:    656854 (Using SPRNG - Scalable Parallel Random Number Generator)
Time:    Thu Apr 24 16:16:37 2025
Kernel:  SSE2 - 1 threads (8 CPU cores detected)

HINT: Use -nt option to specify number of threads because your CPU has 8 cores!
HINT: -nt AUTO will automatically determine the best number of threads to use.

Reading alignment file window_241_340.fasta ... Fasta format detected
Reading fasta file: done in 5.79357e-05 secs using 82.85% CPU
Alignment most likely contains protein sequences
Alignment has 18 sequences with 100 columns, 95 distinct patterns
79 parsimony-informative, 9 singleton sites, 12 constant sites
                                                           Gap/Ambiguity  Composition  p-value
Analyzing sequences: done in 5.96046e-06 secs using 83.89% CPU
   1  Alpha_Candidatus_Puniceispirillum_marinum_GCA_000024465.1    9.00%    passed      9.67%
   2  Delta_Bradymonadales_bacterium_GCA_007993755.1              10.00%    passed     44.28%
   3  CRu_Mantamonas_Mantamonas_sphyraenae_GCA_026936335.1         5.00%    passed     61.26%
   4  Arch_Chloroplastida_Micromonas_commoda_GCA_000090985.2       5.00%    passed     58.22%
   5  Arch_Chloroplastida_Ostreococcus_tauri_GCA_000214015.2       5.00%    passed     87.90%
   6  Firmicutes_bacterium_GCA_014023125.1                        10.00%    passed     23.96%
   7  Chlamydia_buteonis_GCA_019056495.1                           9.00%    passed     64.66%
   8  CPR_Pacebacteria_bacterium_GCA_030583765.1                  10.00%    passed     49.18%
   9  CPR_Parcubacteria_bacterium_GCA_037076615.1                  6.00%    passed     81.05%
  10  2026747.123                                                 11.00%    passed     72.56%
  11  2026747.179                                                 11.00%    passed     66.73%
  12  2026747.43                                                  11.00%    passed     79.31%
  13  2026747.124                                                 11.00%    passed     83.31%
  14  2026747.22                                                  11.00%    passed     10.47%
  15  Bacteroidetes_bacterium_GCA_025998875.1                      7.00%    passed     42.99%
  16  Prevotella_nigrescens_GCA_042639025.1_1                      6.00%    passed     88.65%
  17  Prevotella_jejuni_GCA_041433135.1_1                          6.00%    passed     53.74%
  18  Bacteroidetes_Prevotella_melaninogenica_GCA_003609775.1      6.00%    passed     77.37%
****  TOTAL                                                        8.28%  0 sequences failed composition chi2 test (p-value<5%; df=19)


Create initial parsimony tree by phylogenetic likelihood library (PLL)... 0.001 seconds
Perform fast likelihood tree search using LG+I+G model...
Estimate model parameters (epsilon = 5.000)
Perform nearest neighbor interchange...
Estimate model parameters (epsilon = 1.000)
1. Initial log-likelihood: -2572.439
Optimal log-likelihood: -2572.401
Proportion of invariable sites: 0.092
Gamma shape alpha: 1.883
Parameters optimization took 1 rounds (0.017 sec)
Time for fast ML tree search: 0.135 seconds

NOTE: ModelFinder requires 3 MB RAM!
ModelFinder will test up to 1232 protein models (sample size: 100 epsilon: 0.100) ...
 No. Model         -LnL         df  AIC          AICc         BIC
  1  LG            2664.110     33  5394.220     5428.220     5480.190
  2  LG+I          2618.168     34  5304.336     5340.951     5392.912
  3  LG+G4         2577.252     34  5222.503     5259.119     5311.079
  4  LG+I+G4       2572.401     35  5214.802     5254.177     5305.983
  5  LG+R2         2582.872     35  5235.744     5275.119     5326.925
  6  LG+R3         2575.308     37  5224.616     5269.971     5321.007
  7  LG+R4         2573.415     39  5224.830     5276.830     5326.431
 14  LG+I+R2       2570.793     36  5213.587     5255.873     5307.373
 15  LG+I+R3       2570.880     38  5217.760     5266.350     5316.757
 25  LG+F+G4       2573.400     53  5252.799     5377.234     5390.873
 26  LG+F+I+G4     2568.579     54  5245.158     5377.158     5385.837
 36  LG+F+I+R2     2567.978     55  5245.956     5385.956     5389.241
 47  WAG+G4        2598.881     34  5265.761     5302.377     5354.337
 48  WAG+I+G4      2590.636     35  5251.271     5290.646     5342.452
 58  WAG+I+R2      2589.850     36  5251.700     5293.986     5345.487
 69  WAG+F+G4      2582.875     53  5271.751     5396.186     5409.825
 70  WAG+F+I+G4    2575.437     54  5258.874     5390.874     5399.554
 80  WAG+F+I+R2    2575.639     55  5261.278     5401.278     5404.562
 91  JTT+G4        2605.476     34  5278.952     5315.567     5367.528
 92  JTT+I+G4      2599.133     35  5268.265     5307.640     5359.446
102  JTT+I+R2      2598.105     36  5268.209     5310.495     5361.995
113  JTT+F+G4      2594.395     53  5294.790     5419.225     5432.864
114  JTT+F+I+G4    2588.161     54  5284.322     5416.322     5425.002
124  JTT+F+I+R2    2588.133     55  5286.265     5426.265     5429.549
WARNING: Normalizing state frequencies so that sum of them equals to 1
135  Q.pfam+G4     2578.823     34  5225.646     5262.261     5314.222
WARNING: Normalizing state frequencies so that sum of them equals to 1
136  Q.pfam+I+G4   2574.272     35  5218.544     5257.919     5309.725
WARNING: Normalizing state frequencies so that sum of them equals to 1
146  Q.pfam+I+R2   2572.430     36  5216.861     5259.146     5310.647
WARNING: Normalizing state frequencies so that sum of them equals to 1
157  Q.pfam+F+G4   2573.666     53  5253.331     5377.766     5391.405
WARNING: Normalizing state frequencies so that sum of them equals to 1
158  Q.pfam+F+I+G4 2569.002     54  5246.004     5378.004     5386.683
WARNING: Normalizing state frequencies so that sum of them equals to 1
168  Q.pfam+F+I+R2 2567.974     55  5245.948     5385.948     5389.232
WARNING: Normalizing state frequencies so that sum of them equals to 1
179  Q.bird+G4     2632.605     34  5333.210     5369.825     5421.786
WARNING: Normalizing state frequencies so that sum of them equals to 1
180  Q.bird+I+G4   2628.158     35  5326.316     5365.691     5417.497
WARNING: Normalizing state frequencies so that sum of them equals to 1
190  Q.bird+I+R2   2629.151     36  5330.302     5372.588     5424.089
WARNING: Normalizing state frequencies so that sum of them equals to 1
201  Q.bird+F+G4   2613.633     53  5333.265     5457.700     5471.339
WARNING: Normalizing state frequencies so that sum of them equals to 1
202  Q.bird+F+I+G4 2609.828     54  5327.657     5459.657     5468.336
WARNING: Normalizing state frequencies so that sum of them equals to 1
212  Q.bird+F+I+R2 2612.699     55  5335.398     5475.398     5478.683
WARNING: Normalizing state frequencies so that sum of them equals to 1
223  Q.mammal+G4   2628.724     34  5325.448     5362.064     5414.024
WARNING: Normalizing state frequencies so that sum of them equals to 1
224  Q.mammal+I+G4 2624.714     35  5319.429     5358.804     5410.610
WARNING: Normalizing state frequencies so that sum of them equals to 1
234  Q.mammal+I+R2 2625.093     36  5322.186     5364.472     5415.972
WARNING: Normalizing state frequencies so that sum of them equals to 1
245  Q.mammal+F+G4 2608.133     53  5322.266     5446.701     5460.340
WARNING: Normalizing state frequencies so that sum of them equals to 1
246  Q.mammal+F+I+G4 2604.265     54  5316.531     5448.531     5457.210
WARNING: Normalizing state frequencies so that sum of them equals to 1
256  Q.mammal+F+I+R2 2606.045     55  5322.091     5462.091     5465.375
267  Q.insect+G4   2601.646     34  5271.292     5307.907     5359.868
268  Q.insect+I+G4 2598.331     35  5266.662     5306.037     5357.843
278  Q.insect+I+R2 2598.806     36  5269.612     5311.898     5363.398
289  Q.insect+F+G4 2585.953     53  5277.905     5402.340     5415.979
290  Q.insect+F+I+G4 2582.198     54  5272.395     5404.395     5413.075
300  Q.insect+F+I+R2 2583.574     55  5277.147     5417.147     5420.432
WARNING: Normalizing state frequencies so that sum of them equals to 1
311  Q.plant+G4    2598.684     34  5265.368     5301.983     5353.943
WARNING: Normalizing state frequencies so that sum of them equals to 1
312  Q.plant+I+G4  2594.811     35  5259.621     5298.996     5350.802
WARNING: Normalizing state frequencies so that sum of them equals to 1
322  Q.plant+I+R2  2595.236     36  5262.473     5304.758     5356.259
WARNING: Normalizing state frequencies so that sum of them equals to 1
333  Q.plant+F+G4  2588.418     53  5282.836     5407.271     5420.910
WARNING: Normalizing state frequencies so that sum of them equals to 1
334  Q.plant+F+I+G4 2584.597     54  5277.193     5409.193     5417.872
WARNING: Normalizing state frequencies so that sum of them equals to 1
344  Q.plant+F+I+R2 2586.720     55  5283.439     5423.439     5426.723
WARNING: Normalizing state frequencies so that sum of them equals to 1
355  Q.yeast+G4    2601.472     34  5270.945     5307.560     5359.520
WARNING: Normalizing state frequencies so that sum of them equals to 1
356  Q.yeast+I+G4  2596.862     35  5263.724     5303.099     5354.905
WARNING: Normalizing state frequencies so that sum of them equals to 1
366  Q.yeast+I+R2  2596.354     36  5264.708     5306.993     5358.494
WARNING: Normalizing state frequencies so that sum of them equals to 1
377  Q.yeast+F+G4  2577.554     53  5261.107     5385.542     5399.181
WARNING: Normalizing state frequencies so that sum of them equals to 1
378  Q.yeast+F+I+G4 2573.131     54  5254.262     5386.262     5394.941
WARNING: Normalizing state frequencies so that sum of them equals to 1
388  Q.yeast+F+I+R2 2573.600     55  5257.199     5397.199     5400.483
399  JTTDCMut+G4   2605.853     34  5279.706     5316.321     5368.282
400  JTTDCMut+I+G4 2599.503     35  5269.005     5308.380     5360.186
410  JTTDCMut+I+R2 2598.457     36  5268.914     5311.200     5362.700
421  JTTDCMut+F+G4 2594.712     53  5295.423     5419.858     5433.497
422  JTTDCMut+F+I+G4 2588.500     54  5284.999     5416.999     5425.678
432  JTTDCMut+F+I+R2 2588.423     55  5286.847     5426.847     5430.131
443  DCMut+G4      2639.249     34  5346.497     5383.113     5435.073
444  DCMut+I+G4    2633.196     35  5336.391     5375.766     5427.572
454  DCMut+I+R2    2632.940     36  5337.881     5380.166     5431.667
465  DCMut+F+G4    2612.706     53  5331.412     5455.846     5469.486
466  DCMut+F+I+G4  2606.971     54  5321.942     5453.942     5462.621
476  DCMut+F+I+R2  2607.297     55  5324.594     5464.594     5467.879
487  VT+G4         2600.297     34  5268.595     5305.210     5357.170
488  VT+I+G4       2593.233     35  5256.465     5295.840     5347.646
498  VT+I+R2       2592.085     36  5256.170     5298.456     5349.956
509  VT+F+G4       2590.760     53  5287.519     5411.954     5425.593
510  VT+F+I+G4     2583.880     54  5275.760     5407.760     5416.439
520  VT+F+I+R2     2583.546     55  5277.091     5417.091     5420.375
531  PMB+G4        2611.181     34  5290.362     5326.977     5378.937
532  PMB+I+G4      2605.043     35  5280.086     5319.461     5371.267
542  PMB+I+R2      2603.325     36  5278.651     5320.936     5372.437
553  PMB+F+G4      2605.365     53  5316.731     5441.165     5454.805
554  PMB+F+I+G4    2598.805     54  5305.610     5437.610     5446.289
564  PMB+F+I+R2    2598.379     55  5306.758     5446.758     5450.042
575  Blosum62+G4   2602.947     34  5273.893     5310.509     5362.469
576  Blosum62+I+G4 2596.251     35  5262.502     5301.877     5353.683
586  Blosum62+I+R2 2594.398     36  5260.796     5303.081     5354.582
597  Blosum62+F+G4 2600.447     53  5306.894     5431.328     5444.968
598  Blosum62+F+I+G4 2593.683     54  5295.366     5427.366     5436.045
608  Blosum62+F+I+R2 2593.140     55  5296.280     5436.280     5439.564
619  Dayhoff+G4    2639.194     34  5346.387     5383.003     5434.963
620  Dayhoff+I+G4  2633.145     35  5336.289     5375.664     5427.470
630  Dayhoff+I+R2  2632.891     36  5337.782     5380.068     5431.568
641  Dayhoff+F+G4  2612.670     53  5331.341     5455.775     5469.415
642  Dayhoff+F+I+G4 2606.928     54  5321.856     5453.856     5462.535
652  Dayhoff+F+I+R2 2607.253     55  5324.506     5464.506     5467.791
663  mtREV+G4      2767.553     34  5603.105     5639.721     5691.681
664  mtREV+I+G4    2766.733     35  5603.465     5642.840     5694.646
674  mtREV+I+R2    2765.070     36  5602.141     5644.427     5695.927
685  mtREV+F+G4    2612.343     53  5330.686     5455.121     5468.760
686  mtREV+F+I+G4  2609.361     54  5326.722     5458.722     5467.401
696  mtREV+F+I+R2  2612.349     55  5334.698     5474.698     5477.982
707  mtART+G4      2794.721     34  5657.443     5694.058     5746.018
708  mtART+I+G4    2793.522     35  5657.043     5696.418     5748.224
718  mtART+I+R2    2787.296     36  5646.591     5688.877     5740.378
729  mtART+F+G4    2635.876     53  5377.752     5502.187     5515.826
730  mtART+F+I+G4  2633.553     54  5375.106     5507.106     5515.786
740  mtART+F+I+R2  2639.953     55  5389.906     5529.906     5533.190
751  mtZOA+G4      2721.558     34  5511.116     5547.732     5599.692
752  mtZOA+I+G4    2720.656     35  5511.313     5550.688     5602.494
762  mtZOA+I+R2    2714.421     36  5500.842     5543.128     5594.628
773  mtZOA+F+G4    2610.253     53  5326.507     5450.941     5464.581
774  mtZOA+F+I+G4  2607.517     54  5323.034     5455.034     5463.713
784  mtZOA+F+I+R2  2610.614     55  5331.227     5471.227     5474.512
795  mtMet+G4      2778.337     34  5624.674     5661.290     5713.250
796  mtMet+I+G4    2776.863     35  5623.726     5663.101     5714.907
806  mtMet+I+R2    2770.575     36  5613.151     5655.436     5706.937
817  mtMet+F+G4    2609.929     53  5325.859     5450.293     5463.933
818  mtMet+F+I+G4  2606.934     54  5321.868     5453.868     5462.547
828  mtMet+F+I+R2  2610.791     55  5331.582     5471.582     5474.867
839  mtVer+G4      2789.580     34  5647.159     5683.774     5735.735
840  mtVer+I+G4    2788.303     35  5646.606     5685.981     5737.787
850  mtVer+I+R2    2785.371     36  5642.743     5685.028     5736.529
861  mtVer+F+G4    2630.697     53  5367.394     5491.829     5505.468
862  mtVer+F+I+G4  2628.118     54  5364.237     5496.237     5504.916
872  mtVer+F+I+R2  2634.542     55  5379.085     5519.085     5522.369
883  mtInv+G4      2799.673     34  5667.346     5703.961     5755.922
884  mtInv+I+G4    2798.178     35  5666.356     5705.731     5757.537
894  mtInv+I+R2    2791.457     36  5654.913     5697.199     5748.699
905  mtInv+F+G4    2596.817     53  5299.635     5424.070     5437.709
906  mtInv+F+I+G4  2593.989     54  5295.978     5427.978     5436.657
916  mtInv+F+I+R2  2595.801     55  5301.602     5441.602     5444.886
927  mtMAM+G4      2801.987     34  5671.973     5708.588     5760.549
928  mtMAM+I+G4    2801.124     35  5672.249     5711.624     5763.430
938  mtMAM+I+R2    2798.437     36  5668.875     5711.161     5762.661
949  mtMAM+F+G4    2650.685     53  5407.369     5531.804     5545.443
950  mtMAM+F+I+G4  2647.113     54  5402.225     5534.225     5542.904
960  mtMAM+F+I+R2  2653.975     55  5417.950     5557.950     5561.235
WARNING: Normalizing state frequencies so that sum of them equals to 1
971  FLAVI+G4      2680.431     34  5428.861     5465.477     5517.437
WARNING: Normalizing state frequencies so that sum of them equals to 1
972  FLAVI+I+G4    2674.903     35  5419.807     5459.182     5510.988
WARNING: Normalizing state frequencies so that sum of them equals to 1
982  FLAVI+I+R2    2674.064     36  5420.128     5462.414     5513.914
WARNING: Normalizing state frequencies so that sum of them equals to 1
993  FLAVI+F+G4    2664.186     53  5434.371     5558.806     5572.445
WARNING: Normalizing state frequencies so that sum of them equals to 1
994  FLAVI+F+I+G4  2660.367     54  5428.733     5560.733     5569.412
WARNING: Normalizing state frequencies so that sum of them equals to 1
1004  FLAVI+F+I+R2  2664.122     55  5438.243     5578.243     5581.528
1015  HIVb+G4       2635.154     34  5338.308     5374.923     5426.884
1016  HIVb+I+G4     2628.579     35  5327.158     5366.533     5418.339
1026  HIVb+I+R2     2630.123     36  5332.247     5374.533     5426.033
1037  HIVb+F+G4     2634.028     53  5374.055     5498.490     5512.129
1038  HIVb+F+I+G4   2628.371     54  5364.743     5496.743     5505.422
1048  HIVb+F+I+R2   2630.260     55  5370.519     5510.519     5513.803
1059  HIVw+G4       2730.626     34  5529.252     5565.867     5617.827
1060  HIVw+I+G4     2721.540     35  5513.080     5552.455     5604.261
1070  HIVw+I+R2     2725.279     36  5522.558     5564.844     5616.344
1081  HIVw+F+G4     2678.031     53  5462.062     5586.497     5600.136
1082  HIVw+F+I+G4   2670.169     54  5448.338     5580.338     5589.018
1092  HIVw+F+I+R2   2672.003     55  5454.006     5594.006     5597.291
1103  FLU+G4        2653.155     34  5374.311     5410.926     5462.887
1104  FLU+I+G4      2644.352     35  5358.704     5398.079     5449.885
1114  FLU+I+R2      2641.207     36  5354.415     5396.700     5448.201
1125  FLU+F+G4      2621.301     53  5348.601     5473.036     5486.675
1126  FLU+F+I+G4    2613.197     54  5334.394     5466.394     5475.073
1136  FLU+F+I+R2    2612.036     55  5334.071     5474.071     5477.356
1147  rtREV+G4      2606.382     34  5280.765     5317.380     5369.340
1148  rtREV+I+G4    2601.394     35  5272.788     5312.163     5363.969
1158  rtREV+I+R2    2600.041     36  5272.083     5314.368     5365.869
1169  rtREV+F+G4    2579.258     53  5264.515     5388.950     5402.589
1170  rtREV+F+I+G4  2574.426     54  5256.853     5388.853     5397.532
1180  rtREV+F+I+R2  2574.175     55  5258.350     5398.350     5401.634
1191  cpREV+G4      2592.675     34  5253.350     5289.965     5341.925
1192  cpREV+I+G4    2585.320     35  5240.639     5280.014     5331.820
1202  cpREV+I+R2    2586.215     36  5244.430     5286.716     5338.216
1213  cpREV+F+G4    2592.235     53  5290.470     5414.905     5428.544
1214  cpREV+F+I+G4  2585.400     54  5278.801     5410.801     5419.480
1224  cpREV+F+I+R2  2587.623     55  5285.246     5425.246     5428.531
Akaike Information Criterion:           LG+I+R2
Corrected Akaike Information Criterion: LG+I+G4
Bayesian Information Criterion:         LG+I+G4
Best-fit model: LG+I+G4 chosen according to BIC

All model information printed to window_241_340.fasta.model.gz
CPU time for ModelFinder: 5.033 seconds (0h:0m:5s)
Wall-clock time for ModelFinder: 5.055 seconds (0h:0m:5s)
Generating 1000 samples for ultrafast bootstrap (seed: 656854)...

NOTE: 1 MB RAM (0 GB) is required!
Estimate model parameters (epsilon = 0.100)
Thoroughly optimizing +I+G parameters from 10 start values...
Init pinv, alpha: 0.000, 2.194 / Estimate: 0.000, 1.012 / LogL: -2577.251
Init pinv, alpha: 0.013, 2.194 / Estimate: 0.091, 1.876 / LogL: -2572.403
Init pinv, alpha: 0.027, 2.194 / Estimate: 0.092, 1.882 / LogL: -2572.402
Init pinv, alpha: 0.040, 2.194 / Estimate: 0.092, 1.876 / LogL: -2572.402
Init pinv, alpha: 0.053, 2.194 / Estimate: 0.092, 1.883 / LogL: -2572.402
Init pinv, alpha: 0.067, 2.194 / Estimate: 0.091, 1.880 / LogL: -2572.406
Init pinv, alpha: 0.080, 2.194 / Estimate: 0.092, 1.886 / LogL: -2572.403
Init pinv, alpha: 0.093, 2.194 / Estimate: 0.093, 1.892 / LogL: -2572.403
Init pinv, alpha: 0.107, 2.194 / Estimate: 0.093, 1.895 / LogL: -2572.402
Init pinv, alpha: 0.120, 2.194 / Estimate: 0.093, 1.899 / LogL: -2572.402
Optimal pinv,alpha: 0.092, 1.882 / LogL: -2572.402

Parameters optimization took 0.421 sec
Wrote distance file to... 
Computing ML distances based on estimated model parameters...
Calculating distance matrix: done in 0.0148768 secs using 99.6% CPU
Computing ML distances took 0.014936 sec (of wall-clock time) 0.014858 sec (of CPU time)
Setting up auxiliary I and S matrices: done in 1.81198e-05 secs using 121.4% CPU
Computing RapidNJ tree took 0.000071 sec (of wall-clock time) 0.000103 sec (of CPU time)
Log-likelihood of RapidNJ tree: -2574.584
--------------------------------------------------------------------
|             INITIALIZING CANDIDATE TREE SET                      |
--------------------------------------------------------------------
Generating 98 parsimony trees... 0.051 second
Computing log-likelihood of 98 initial trees ... 0.280 seconds
Current best score: -2572.402

Do NNI search on 20 best initial trees
Estimate model parameters (epsilon = 0.100)
BETTER TREE FOUND at iteration 1: -2572.399
Estimate model parameters (epsilon = 0.100)
BETTER TREE FOUND at iteration 3: -2570.129
Iteration 10 / LogL: -2577.520 / Time: 0h:0m:6s
Iteration 20 / LogL: -2572.681 / Time: 0h:0m:7s
Finish initializing candidate tree set (15)
Current best tree score: -2570.129 / CPU time: 1.510
Number of iterations: 20
--------------------------------------------------------------------
|               OPTIMIZING CANDIDATE TREE SET                      |
--------------------------------------------------------------------
UPDATE BEST LOG-LIKELIHOOD: -2570.129
Iteration 30 / LogL: -2570.325 / Time: 0h:0m:7s (0h:0m:7s left)
Iteration 40 / LogL: -2570.289 / Time: 0h:0m:8s (0h:0m:5s left)
Iteration 50 / LogL: -2577.007 / Time: 0h:0m:9s (0h:0m:4s left)
Log-likelihood cutoff on original alignment: -2607.123
Iteration 60 / LogL: -2570.129 / Time: 0h:0m:10s (0h:0m:3s left)
UPDATE BEST LOG-LIKELIHOOD: -2570.129
UPDATE BEST LOG-LIKELIHOOD: -2570.129
Iteration 70 / LogL: -2570.129 / Time: 0h:0m:10s (0h:0m:2s left)
Iteration 80 / LogL: -2570.129 / Time: 0h:0m:11s (0h:0m:1s left)
Iteration 90 / LogL: -2570.129 / Time: 0h:0m:12s (0h:0m:1s left)
Iteration 100 / LogL: -2572.539 / Time: 0h:0m:13s (0h:0m:0s left)
Log-likelihood cutoff on original alignment: -2607.123
NOTE: Bootstrap correlation coefficient of split occurrence frequencies: 0.999
TREE SEARCH COMPLETED AFTER 104 ITERATIONS / Time: 0h:0m:13s

--------------------------------------------------------------------
|                    FINALIZING TREE SEARCH                        |
--------------------------------------------------------------------
Performs final model parameters optimization
Estimate model parameters (epsilon = 0.010)
1. Initial log-likelihood: -2570.129
Optimal log-likelihood: -2570.128
Proportion of invariable sites: 0.094
Gamma shape alpha: 1.909
Parameters optimization took 1 rounds (0.010 sec)
BEST SCORE FOUND : -2570.128

Testing tree branches by SH-like aLRT with 1000 replicates...
0.025 sec.
Creating bootstrap support values...
Split supports printed to NEXUS file window_241_340.fasta.splits.nex
Total tree length: 12.995

Total number of iterations: 104
CPU time used for tree search: 8.084 sec (0h:0m:8s)
Wall-clock time used for tree search: 7.929 sec (0h:0m:7s)
Total CPU time used: 13.649 sec (0h:0m:13s)
Total wall-clock time used: 13.503 sec (0h:0m:13s)

Computing bootstrap consensus tree...
Reading input file window_241_340.fasta.splits.nex...
18 taxa and 159 splits.
Consensus tree written to window_241_340.fasta.contree
Reading input trees file window_241_340.fasta.contree
Log-likelihood of consensus tree: -2570.289

Analysis results written to: 
  IQ-TREE report:                window_241_340.fasta.iqtree
  Maximum-likelihood tree:       window_241_340.fasta.treefile
  Likelihood distances:          window_241_340.fasta.mldist

Ultrafast bootstrap approximation results written to:
  Split support values:          window_241_340.fasta.splits.nex
  Consensus tree:                window_241_340.fasta.contree
  Screen log file:               window_241_340.fasta.log

Date and Time: Thu Apr 24 16:16:51 2025
